Vivado Simulator v2023.2
Copyright 1986-2022 Xilinx, Inc. All Rights Reserved.
Copyright 2022-2023 Advanced Micro Devices, Inc. All Rights Reserved.
Running: C:/Xilinx/Vivado/2023.2/bin/unwrapped/win64.o/xelab.exe --incr --debug typical --relax --mt 2 -L xil_defaultlib -L unisims_ver -L unimacro_ver -L secureip --snapshot top_level_tb_behav xil_defaultlib.top_level_tb xil_defaultlib.glbl -log elaborate.log 
Using 2 slave threads.
Starting static elaboration
Pass Through NonSizing Optimizer
Completed static elaboration
Starting simulation data flow analysis
Completed simulation data flow analysis
Time Resolution for simulation is 1ps
Compiling module xil_defaultlib.uart_brg(BAUDRATE_PRECISION=9,BA...
Compiling module xil_defaultlib.uart_rx
Compiling module xil_defaultlib.uart_tx
Compiling module xil_defaultlib.fifo(FIFO_SIZE=8)
Compiling module xil_defaultlib.uart
Compiling module xil_defaultlib.alu
Compiling module xil_defaultlib.intf_uart_alu
Compiling module xil_defaultlib.top_level
Compiling module xil_defaultlib.top_level_tb
Compiling module xil_defaultlib.glbl
Built simulation snapshot top_level_tb_behav
